# JRE version: Java(TM) SE Runtime Environment (8.0_271-b09) (build 1.8.0_271-b09)
# Java VM: Java HotSpot(TM) 64-Bit Server VM (25.271-b09 mixed mode windows-amd64 compressed oops)
Heap:
 PSYoungGen      total 37888K, used 25855K [0x00000000d6200000, 0x00000000d8c00000, 0x0000000100000000)
  eden space 32768K, 63% used [0x00000000d6200000,0x00000000d7647e20,0x00000000d8200000)
  from space 5120K, 99% used [0x00000000d8700000,0x00000000d8bf8060,0x00000000d8c00000)
  to   space 5120K, 0% used [0x00000000d8200000,0x00000000d8200000,0x00000000d8700000)
 ParOldGen       total 86016K, used 29683K [0x0000000082600000, 0x0000000087a00000, 0x00000000d6200000)
  object space 86016K, 34% used [0x0000000082600000,0x00000000842fce88,0x0000000087a00000)
 Metaspace       used 19228K, capacity 20008K, committed 20224K, reserved 1067008K
  class space    used 2582K, capacity 2773K, committed 2816K, reserved 1048576K
GC Heap History (4 events):
Event: 0.823 GC heap before
{Heap before GC invocations=1 (full 0):
 PSYoungGen      total 37888K, used 32768K [0x00000000d6200000, 0x00000000d8c00000, 0x0000000100000000)
  eden space 32768K, 100% used [0x00000000d6200000,0x00000000d8200000,0x00000000d8200000)
  from space 5120K, 0% used [0x00000000d8700000,0x00000000d8700000,0x00000000d8c00000)
  to   space 5120K, 0% used [0x00000000d8200000,0x00000000d8200000,0x00000000d8700000)
 ParOldGen       total 86016K, used 0K [0x0000000082600000, 0x0000000087a00000, 0x00000000d6200000)
  object space 86016K, 0% used [0x0000000082600000,0x0000000082600000,0x0000000087a00000)
 Metaspace       used 11921K, capacity 12256K, committed 12544K, reserved 1060864K
  class space    used 1549K, capacity 1667K, committed 1792K, reserved 1048576K
Event: 0.826 GC heap after
Heap after GC invocations=1 (full 0):
 PSYoungGen      total 37888K, used 3760K [0x00000000d6200000, 0x00000000d8c00000, 0x0000000100000000)
  eden space 32768K, 0% used [0x00000000d6200000,0x00000000d6200000,0x00000000d8200000)
  from space 5120K, 73% used [0x00000000d8200000,0x00000000d85ac060,0x00000000d8700000)
  to   space 5120K, 0% used [0x00000000d8700000,0x00000000d8700000,0x00000000d8c00000)
 ParOldGen       total 86016K, used 16K [0x0000000082600000, 0x0000000087a00000, 0x00000000d6200000)
  object space 86016K, 0% used [0x0000000082600000,0x0000000082604000,0x0000000087a00000)
 Metaspace       used 11921K, capacity 12256K, committed 12544K, reserved 1060864K
  class space    used 1549K, capacity 1667K, committed 1792K, reserved 1048576K
}
Event: 11.269 GC heap before
{Heap before GC invocations=2 (full 0):
 PSYoungGen      total 37888K, used 33959K [0x00000000d6200000, 0x00000000d8c00000, 0x0000000100000000)
  eden space 32768K, 92% used [0x00000000d6200000,0x00000000d7f7de90,0x00000000d8200000)
  from space 5120K, 73% used [0x00000000d8200000,0x00000000d85ac060,0x00000000d8700000)
  to   space 5120K, 0% used [0x00000000d8700000,0x00000000d8700000,0x00000000d8c00000)
 ParOldGen       total 86016K, used 16K [0x0000000082600000, 0x0000000087a00000, 0x00000000d6200000)
  object space 86016K, 0% used [0x0000000082600000,0x0000000082604000,0x0000000087a00000)
 Metaspace       used 18070K, capacity 18792K, committed 19072K, reserved 1064960K
  class space    used 2419K, capacity 2609K, committed 2688K, reserved 1048576K
Event: 11.282 GC heap after
Heap after GC invocations=2 (full 0):
 PSYoungGen      total 37888K, used 5088K [0x00000000d6200000, 0x00000000d8c00000, 0x0000000100000000)
  eden space 32768K, 0% used [0x00000000d6200000,0x00000000d6200000,0x00000000d8200000)
  from space 5120K, 99% used [0x00000000d8700000,0x00000000d8bf8060,0x00000000d8c00000)
  to   space 5120K, 0% used [0x00000000d8200000,0x00000000d8200000,0x00000000d8700000)
 ParOldGen       total 86016K, used 29683K [0x0000000082600000, 0x0000000087a00000, 0x00000000d6200000)
  object space 86016K, 34% used [0x0000000082600000,0x00000000842fce88,0x0000000087a00000)
 Metaspace       used 18070K, capacity 18792K, committed 19072K, reserved 1064960K
  class space    used 2419K, capacity 2609K, committed 2688K, reserved 1048576K
}

