# JRE version: Java(TM) SE Runtime Environment (8.0_271-b09) (build 1.8.0_271-b09)
# Java VM: Java HotSpot(TM) 64-Bit Server VM (25.271-b09 mixed mode windows-amd64 compressed oops)
Heap:
 PSYoungGen      total 68096K, used 55704K [0x00000000d6200000, 0x00000000dd980000, 0x0000000100000000)
  eden space 29184K, 67% used [0x00000000d6200000,0x00000000d751fc00,0x00000000d7e80000)
  from space 38912K, 92% used [0x00000000d7f00000,0x00000000da246778,0x00000000da500000)
  to   space 46592K, 0% used [0x00000000dac00000,0x00000000dac00000,0x00000000dd980000)
 ParOldGen       total 98304K, used 40463K [0x0000000082600000, 0x0000000088600000, 0x00000000d6200000)
  object space 98304K, 41% used [0x0000000082600000,0x0000000084d83d40,0x0000000088600000)
 Metaspace       used 22289K, capacity 23376K, committed 23552K, reserved 1069056K
  class space    used 2969K, capacity 3203K, committed 3328K, reserved 1048576K
GC Heap History (10 events):
Event: 75.882 GC heap before
{Heap before GC invocations=5 (full 1):
 PSYoungGen      total 37888K, used 27558K [0x00000000d6200000, 0x00000000d8c00000, 0x0000000100000000)
  eden space 32768K, 84% used [0x00000000d6200000,0x00000000d7ce9a50,0x00000000d8200000)
  from space 5120K, 0% used [0x00000000d8200000,0x00000000d8200000,0x00000000d8700000)
  to   space 5120K, 0% used [0x00000000d8700000,0x00000000d8700000,0x00000000d8c00000)
 ParOldGen       total 81920K, used 17480K [0x0000000082600000, 0x0000000087600000, 0x00000000d6200000)
  object space 81920K, 21% used [0x0000000082600000,0x0000000083712278,0x0000000087600000)
 Metaspace       used 20647K, capacity 21564K, committed 21760K, reserved 1069056K
  class space    used 2768K, capacity 2975K, committed 3072K, reserved 1048576K
Event: 75.887 GC heap after
Heap after GC invocations=5 (full 1):
 PSYoungGen      total 37888K, used 384K [0x00000000d6200000, 0x00000000d8c00000, 0x0000000100000000)
  eden space 32768K, 0% used [0x00000000d6200000,0x00000000d6200000,0x00000000d8200000)
  from space 5120K, 7% used [0x00000000d8700000,0x00000000d8760000,0x00000000d8c00000)
  to   space 5120K, 0% used [0x00000000d8200000,0x00000000d8200000,0x00000000d8700000)
 ParOldGen       total 81920K, used 41902K [0x0000000082600000, 0x0000000087600000, 0x00000000d6200000)
  object space 81920K, 51% used [0x0000000082600000,0x0000000084eeba48,0x0000000087600000)
 Metaspace       used 20647K, capacity 21564K, committed 21760K, reserved 1069056K
  class space    used 2768K, capacity 2975K, committed 3072K, reserved 1048576K
}
Event: 82.082 GC heap before
{Heap before GC invocations=6 (full 1):
 PSYoungGen      total 37888K, used 32020K [0x00000000d6200000, 0x00000000d8c00000, 0x0000000100000000)
  eden space 32768K, 96% used [0x00000000d6200000,0x00000000d80e5240,0x00000000d8200000)
  from space 5120K, 7% used [0x00000000d8700000,0x00000000d8760000,0x00000000d8c00000)
  to   space 5120K, 0% used [0x00000000d8200000,0x00000000d8200000,0x00000000d8700000)
 ParOldGen       total 81920K, used 41902K [0x0000000082600000, 0x0000000087600000, 0x00000000d6200000)
  object space 81920K, 51% used [0x0000000082600000,0x0000000084eeba48,0x0000000087600000)
 Metaspace       used 21408K, capacity 22500K, committed 22656K, reserved 1069056K
  class space    used 2880K, capacity 3131K, committed 3200K, reserved 1048576K
Event: 82.090 GC heap after
Heap after GC invocations=6 (full 1):
 PSYoungGen      total 37376K, used 1024K [0x00000000d6200000, 0x00000000dc880000, 0x0000000100000000)
  eden space 32256K, 0% used [0x00000000d6200000,0x00000000d6200000,0x00000000d8180000)
  from space 5120K, 20% used [0x00000000d8200000,0x00000000d8300000,0x00000000d8700000)
  to   space 36352K, 0% used [0x00000000da500000,0x00000000da500000,0x00000000dc880000)
 ParOldGen       total 81920K, used 57197K [0x0000000082600000, 0x0000000087600000, 0x00000000d6200000)
  object space 81920K, 69% used [0x0000000082600000,0x0000000085ddb5e8,0x0000000087600000)
 Metaspace       used 21408K, capacity 22500K, committed 22656K, reserved 1069056K
  class space    used 2880K, capacity 3131K, committed 3200K, reserved 1048576K
}
Event: 82.090 GC heap before
{Heap before GC invocations=7 (full 2):
 PSYoungGen      total 37376K, used 1024K [0x00000000d6200000, 0x00000000dc880000, 0x0000000100000000)
  eden space 32256K, 0% used [0x00000000d6200000,0x00000000d6200000,0x00000000d8180000)
  from space 5120K, 20% used [0x00000000d8200000,0x00000000d8300000,0x00000000d8700000)
  to   space 36352K, 0% used [0x00000000da500000,0x00000000da500000,0x00000000dc880000)
 ParOldGen       total 81920K, used 57197K [0x0000000082600000, 0x0000000087600000, 0x00000000d6200000)
  object space 81920K, 69% used [0x0000000082600000,0x0000000085ddb5e8,0x0000000087600000)
 Metaspace       used 21408K, capacity 22500K, committed 22656K, reserved 1069056K
  class space    used 2880K, capacity 3131K, committed 3200K, reserved 1048576K
Event: 82.108 GC heap after
Heap after GC invocations=7 (full 2):
 PSYoungGen      total 37376K, used 0K [0x00000000d6200000, 0x00000000dc880000, 0x0000000100000000)
  eden space 32256K, 0% used [0x00000000d6200000,0x00000000d6200000,0x00000000d8180000)
  from space 5120K, 0% used [0x00000000d8200000,0x00000000d8200000,0x00000000d8700000)
  to   space 36352K, 0% used [0x00000000da500000,0x00000000da500000,0x00000000dc880000)
 ParOldGen       total 98304K, used 33298K [0x0000000082600000, 0x0000000088600000, 0x00000000d6200000)
  object space 98304K, 33% used [0x0000000082600000,0x0000000084684990,0x0000000088600000)
 Metaspace       used 21408K, capacity 22500K, committed 22656K, reserved 1069056K
  class space    used 2880K, capacity 3131K, committed 3200K, reserved 1048576K
}
Event: 83.607 GC heap before
{Heap before GC invocations=8 (full 2):
 PSYoungGen      total 37376K, used 31897K [0x00000000d6200000, 0x00000000dc880000, 0x0000000100000000)
  eden space 32256K, 98% used [0x00000000d6200000,0x00000000d81266c0,0x00000000d8180000)
  from space 5120K, 0% used [0x00000000d8200000,0x00000000d8200000,0x00000000d8700000)
  to   space 36352K, 0% used [0x00000000da500000,0x00000000da500000,0x00000000dc880000)
 ParOldGen       total 98304K, used 33298K [0x0000000082600000, 0x0000000088600000, 0x00000000d6200000)
  object space 98304K, 33% used [0x0000000082600000,0x0000000084684990,0x0000000088600000)
 Metaspace       used 21886K, capacity 22948K, committed 23168K, reserved 1069056K
  class space    used 2932K, capacity 3195K, committed 3200K, reserved 1048576K
Event: 83.632 GC heap after
Heap after GC invocations=8 (full 2):
 PSYoungGen      total 66048K, used 22495K [0x00000000d6200000, 0x00000000dcd00000, 0x0000000100000000)
  eden space 29696K, 0% used [0x00000000d6200000,0x00000000d6200000,0x00000000d7f00000)
  from space 36352K, 61% used [0x00000000da500000,0x00000000dbaf7c18,0x00000000dc880000)
  to   space 38912K, 0% used [0x00000000d7f00000,0x00000000d7f00000,0x00000000da500000)
 ParOldGen       total 98304K, used 33306K [0x0000000082600000, 0x0000000088600000, 0x00000000d6200000)
  object space 98304K, 33% used [0x0000000082600000,0x0000000084686990,0x0000000088600000)
 Metaspace       used 21886K, capacity 22948K, committed 23168K, reserved 1069056K
  class space    used 2932K, capacity 3195K, committed 3200K, reserved 1048576K
}
Event: 86.777 GC heap before
{Heap before GC invocations=9 (full 2):
 PSYoungGen      total 66048K, used 52188K [0x00000000d6200000, 0x00000000dcd00000, 0x0000000100000000)
  eden space 29696K, 99% used [0x00000000d6200000,0x00000000d7eff778,0x00000000d7f00000)
  from space 36352K, 61% used [0x00000000da500000,0x00000000dbaf7c18,0x00000000dc880000)
  to   space 38912K, 0% used [0x00000000d7f00000,0x00000000d7f00000,0x00000000da500000)
 ParOldGen       total 98304K, used 33306K [0x0000000082600000, 0x0000000088600000, 0x00000000d6200000)
  object space 98304K, 33% used [0x0000000082600000,0x0000000084686990,0x0000000088600000)
 Metaspace       used 21964K, capacity 23030K, committed 23168K, reserved 1069056K
  class space    used 2936K, capacity 3198K, committed 3200K, reserved 1048576K
Event: 86.788 GC heap after
Heap after GC invocations=9 (full 2):
 PSYoungGen      total 68096K, used 36121K [0x00000000d6200000, 0x00000000dd980000, 0x0000000100000000)
  eden space 29184K, 0% used [0x00000000d6200000,0x00000000d6200000,0x00000000d7e80000)
  from space 38912K, 92% used [0x00000000d7f00000,0x00000000da246778,0x00000000da500000)
  to   space 46592K, 0% used [0x00000000dac00000,0x00000000dac00000,0x00000000dd980000)
 ParOldGen       total 98304K, used 40463K [0x0000000082600000, 0x0000000088600000, 0x00000000d6200000)
  object space 98304K, 41% used [0x0000000082600000,0x0000000084d83d40,0x0000000088600000)
 Metaspace       used 21964K, capacity 23030K, committed 23168K, reserved 1069056K
  class space    used 2936K, capacity 3198K, committed 3200K, reserved 1048576K
}

