# JRE version: Java(TM) SE Runtime Environment (8.0_271-b09) (build 1.8.0_271-b09)
# Java VM: Java HotSpot(TM) 64-Bit Server VM (25.271-b09 mixed mode windows-amd64 compressed oops)
Heap:
 PSYoungGen      total 68096K, used 55464K [0x00000000d6200000, 0x00000000dd980000, 0x0000000100000000)
  eden space 29184K, 68% used [0x00000000d6200000,0x00000000d7599af0,0x00000000d7e80000)
  from space 38912K, 90% used [0x00000000d7f00000,0x00000000da1905d0,0x00000000da500000)
  to   space 46592K, 0% used [0x00000000dac00000,0x00000000dac00000,0x00000000dd980000)
 ParOldGen       total 97792K, used 39931K [0x0000000082600000, 0x0000000088580000, 0x00000000d6200000)
  object space 97792K, 40% used [0x0000000082600000,0x0000000084cfec28,0x0000000088580000)
 Metaspace       used 22290K, capacity 23372K, committed 23552K, reserved 1069056K
  class space    used 2967K, capacity 3203K, committed 3328K, reserved 1048576K
GC Heap History (10 events):
Event: 43.361 GC heap before
{Heap before GC invocations=5 (full 1):
 PSYoungGen      total 37888K, used 28775K [0x00000000d6200000, 0x00000000d8c00000, 0x0000000100000000)
  eden space 32768K, 87% used [0x00000000d6200000,0x00000000d7e19d90,0x00000000d8200000)
  from space 5120K, 0% used [0x00000000d8200000,0x00000000d8200000,0x00000000d8700000)
  to   space 5120K, 0% used [0x00000000d8700000,0x00000000d8700000,0x00000000d8c00000)
 ParOldGen       total 82432K, used 17558K [0x0000000082600000, 0x0000000087680000, 0x00000000d6200000)
  object space 82432K, 21% used [0x0000000082600000,0x0000000083725a70,0x0000000087680000)
 Metaspace       used 20733K, capacity 21698K, committed 22016K, reserved 1069056K
  class space    used 2766K, capacity 2976K, committed 3072K, reserved 1048576K
Event: 43.366 GC heap after
Heap after GC invocations=5 (full 1):
 PSYoungGen      total 37888K, used 352K [0x00000000d6200000, 0x00000000d8c00000, 0x0000000100000000)
  eden space 32768K, 0% used [0x00000000d6200000,0x00000000d6200000,0x00000000d8200000)
  from space 5120K, 6% used [0x00000000d8700000,0x00000000d8758000,0x00000000d8c00000)
  to   space 5120K, 0% used [0x00000000d8200000,0x00000000d8200000,0x00000000d8700000)
 ParOldGen       total 82432K, used 41980K [0x0000000082600000, 0x0000000087680000, 0x00000000d6200000)
  object space 82432K, 50% used [0x0000000082600000,0x0000000084eff240,0x0000000087680000)
 Metaspace       used 20733K, capacity 21698K, committed 22016K, reserved 1069056K
  class space    used 2766K, capacity 2976K, committed 3072K, reserved 1048576K
}
Event: 46.920 GC heap before
{Heap before GC invocations=6 (full 1):
 PSYoungGen      total 37888K, used 31167K [0x00000000d6200000, 0x00000000d8c00000, 0x0000000100000000)
  eden space 32768K, 94% used [0x00000000d6200000,0x00000000d8017c78,0x00000000d8200000)
  from space 5120K, 6% used [0x00000000d8700000,0x00000000d8758000,0x00000000d8c00000)
  to   space 5120K, 0% used [0x00000000d8200000,0x00000000d8200000,0x00000000d8700000)
 ParOldGen       total 82432K, used 41980K [0x0000000082600000, 0x0000000087680000, 0x00000000d6200000)
  object space 82432K, 50% used [0x0000000082600000,0x0000000084eff240,0x0000000087680000)
 Metaspace       used 21439K, capacity 22496K, committed 22656K, reserved 1069056K
  class space    used 2878K, capacity 3131K, committed 3200K, reserved 1048576K
Event: 46.928 GC heap after
Heap after GC invocations=6 (full 1):
 PSYoungGen      total 37376K, used 960K [0x00000000d6200000, 0x00000000dc880000, 0x0000000100000000)
  eden space 32256K, 0% used [0x00000000d6200000,0x00000000d6200000,0x00000000d8180000)
  from space 5120K, 18% used [0x00000000d8200000,0x00000000d82f0000,0x00000000d8700000)
  to   space 36352K, 0% used [0x00000000da500000,0x00000000da500000,0x00000000dc880000)
 ParOldGen       total 82432K, used 57275K [0x0000000082600000, 0x0000000087680000, 0x00000000d6200000)
  object space 82432K, 69% used [0x0000000082600000,0x0000000085deede0,0x0000000087680000)
 Metaspace       used 21439K, capacity 22496K, committed 22656K, reserved 1069056K
  class space    used 2878K, capacity 3131K, committed 3200K, reserved 1048576K
}
Event: 46.928 GC heap before
{Heap before GC invocations=7 (full 2):
 PSYoungGen      total 37376K, used 960K [0x00000000d6200000, 0x00000000dc880000, 0x0000000100000000)
  eden space 32256K, 0% used [0x00000000d6200000,0x00000000d6200000,0x00000000d8180000)
  from space 5120K, 18% used [0x00000000d8200000,0x00000000d82f0000,0x00000000d8700000)
  to   space 36352K, 0% used [0x00000000da500000,0x00000000da500000,0x00000000dc880000)
 ParOldGen       total 82432K, used 57275K [0x0000000082600000, 0x0000000087680000, 0x00000000d6200000)
  object space 82432K, 69% used [0x0000000082600000,0x0000000085deede0,0x0000000087680000)
 Metaspace       used 21439K, capacity 22496K, committed 22656K, reserved 1069056K
  class space    used 2878K, capacity 3131K, committed 3200K, reserved 1048576K
Event: 46.945 GC heap after
Heap after GC invocations=7 (full 2):
 PSYoungGen      total 37376K, used 0K [0x00000000d6200000, 0x00000000dc880000, 0x0000000100000000)
  eden space 32256K, 0% used [0x00000000d6200000,0x00000000d6200000,0x00000000d8180000)
  from space 5120K, 0% used [0x00000000d8200000,0x00000000d8200000,0x00000000d8700000)
  to   space 36352K, 0% used [0x00000000da500000,0x00000000da500000,0x00000000dc880000)
 ParOldGen       total 97792K, used 33141K [0x0000000082600000, 0x0000000088580000, 0x00000000d6200000)
  object space 97792K, 33% used [0x0000000082600000,0x000000008465d6d0,0x0000000088580000)
 Metaspace       used 21439K, capacity 22496K, committed 22656K, reserved 1069056K
  class space    used 2878K, capacity 3131K, committed 3200K, reserved 1048576K
}
Event: 48.924 GC heap before
{Heap before GC invocations=8 (full 2):
 PSYoungGen      total 37376K, used 32074K [0x00000000d6200000, 0x00000000dc880000, 0x0000000100000000)
  eden space 32256K, 99% used [0x00000000d6200000,0x00000000d8152980,0x00000000d8180000)
  from space 5120K, 0% used [0x00000000d8200000,0x00000000d8200000,0x00000000d8700000)
  to   space 36352K, 0% used [0x00000000da500000,0x00000000da500000,0x00000000dc880000)
 ParOldGen       total 97792K, used 33141K [0x0000000082600000, 0x0000000088580000, 0x00000000d6200000)
  object space 97792K, 33% used [0x0000000082600000,0x000000008465d6d0,0x0000000088580000)
 Metaspace       used 21910K, capacity 23008K, committed 23168K, reserved 1069056K
  class space    used 2930K, capacity 3195K, committed 3200K, reserved 1048576K
Event: 48.931 GC heap after
Heap after GC invocations=8 (full 2):
 PSYoungGen      total 66048K, used 22526K [0x00000000d6200000, 0x00000000dcd00000, 0x0000000100000000)
  eden space 29696K, 0% used [0x00000000d6200000,0x00000000d6200000,0x00000000d7f00000)
  from space 36352K, 61% used [0x00000000da500000,0x00000000dbaff9a8,0x00000000dc880000)
  to   space 38912K, 0% used [0x00000000d7f00000,0x00000000d7f00000,0x00000000da500000)
 ParOldGen       total 97792K, used 33149K [0x0000000082600000, 0x0000000088580000, 0x00000000d6200000)
  object space 97792K, 33% used [0x0000000082600000,0x000000008465f6d0,0x0000000088580000)
 Metaspace       used 21910K, capacity 23008K, committed 23168K, reserved 1069056K
  class space    used 2930K, capacity 3195K, committed 3200K, reserved 1048576K
}
Event: 52.108 GC heap before
{Heap before GC invocations=9 (full 2):
 PSYoungGen      total 66048K, used 52222K [0x00000000d6200000, 0x00000000dcd00000, 0x0000000100000000)
  eden space 29696K, 100% used [0x00000000d6200000,0x00000000d7f00000,0x00000000d7f00000)
  from space 36352K, 61% used [0x00000000da500000,0x00000000dbaff9a8,0x00000000dc880000)
  to   space 38912K, 0% used [0x00000000d7f00000,0x00000000d7f00000,0x00000000da500000)
 ParOldGen       total 97792K, used 33149K [0x0000000082600000, 0x0000000088580000, 0x00000000d6200000)
  object space 97792K, 33% used [0x0000000082600000,0x000000008465f6d0,0x0000000088580000)
 Metaspace       used 21916K, capacity 23008K, committed 23168K, reserved 1069056K
  class space    used 2930K, capacity 3195K, committed 3200K, reserved 1048576K
Event: 52.117 GC heap after
Heap after GC invocations=9 (full 2):
 PSYoungGen      total 68096K, used 35393K [0x00000000d6200000, 0x00000000dd980000, 0x0000000100000000)
  eden space 29184K, 0% used [0x00000000d6200000,0x00000000d6200000,0x00000000d7e80000)
  from space 38912K, 90% used [0x00000000d7f00000,0x00000000da1905d0,0x00000000da500000)
  to   space 46592K, 0% used [0x00000000dac00000,0x00000000dac00000,0x00000000dd980000)
 ParOldGen       total 97792K, used 39931K [0x0000000082600000, 0x0000000088580000, 0x00000000d6200000)
  object space 97792K, 40% used [0x0000000082600000,0x0000000084cfec28,0x0000000088580000)
 Metaspace       used 21916K, capacity 23008K, committed 23168K, reserved 1069056K
  class space    used 2930K, capacity 3195K, committed 3200K, reserved 1048576K
}

