# JRE version: Java(TM) SE Runtime Environment (8.0_271-b09) (build 1.8.0_271-b09)
# Java VM: Java HotSpot(TM) 64-Bit Server VM (25.271-b09 mixed mode windows-amd64 compressed oops)
Heap:
 PSYoungGen      total 68096K, used 56911K [0x00000000d6200000, 0x00000000dd980000, 0x0000000100000000)
  eden space 29184K, 73% used [0x00000000d6200000,0x00000000d76fb910,0x00000000d7e80000)
  from space 38912K, 91% used [0x00000000d7f00000,0x00000000da1985d0,0x00000000da500000)
  to   space 46592K, 0% used [0x00000000dac00000,0x00000000dac00000,0x00000000dd980000)
 ParOldGen       total 98304K, used 40028K [0x0000000082600000, 0x0000000088600000, 0x00000000d6200000)
  object space 98304K, 40% used [0x0000000082600000,0x0000000084d173f0,0x0000000088600000)
 Metaspace       used 22289K, capacity 23372K, committed 23552K, reserved 1069056K
  class space    used 2968K, capacity 3203K, committed 3328K, reserved 1048576K
GC Heap History (10 events):
Event: 67.732 GC heap before
{Heap before GC invocations=5 (full 1):
 PSYoungGen      total 37888K, used 28896K [0x00000000d6200000, 0x00000000d8c00000, 0x0000000100000000)
  eden space 32768K, 88% used [0x00000000d6200000,0x00000000d7e38000,0x00000000d8200000)
  from space 5120K, 0% used [0x00000000d8200000,0x00000000d8200000,0x00000000d8700000)
  to   space 5120K, 0% used [0x00000000d8700000,0x00000000d8700000,0x00000000d8c00000)
 ParOldGen       total 81920K, used 17490K [0x0000000082600000, 0x0000000087600000, 0x00000000d6200000)
  object space 81920K, 21% used [0x0000000082600000,0x0000000083714b28,0x0000000087600000)
 Metaspace       used 20700K, capacity 21564K, committed 21760K, reserved 1069056K
  class space    used 2767K, capacity 2975K, committed 3072K, reserved 1048576K
Event: 67.736 GC heap after
Heap after GC invocations=5 (full 1):
 PSYoungGen      total 37888K, used 384K [0x00000000d6200000, 0x00000000d8c00000, 0x0000000100000000)
  eden space 32768K, 0% used [0x00000000d6200000,0x00000000d6200000,0x00000000d8200000)
  from space 5120K, 7% used [0x00000000d8700000,0x00000000d8760000,0x00000000d8c00000)
  to   space 5120K, 0% used [0x00000000d8200000,0x00000000d8200000,0x00000000d8700000)
 ParOldGen       total 81920K, used 41912K [0x0000000082600000, 0x0000000087600000, 0x00000000d6200000)
  object space 81920K, 51% used [0x0000000082600000,0x0000000084eee2f8,0x0000000087600000)
 Metaspace       used 20700K, capacity 21564K, committed 21760K, reserved 1069056K
  class space    used 2767K, capacity 2975K, committed 3072K, reserved 1048576K
}
Event: 70.027 GC heap before
{Heap before GC invocations=6 (full 1):
 PSYoungGen      total 37888K, used 31473K [0x00000000d6200000, 0x00000000d8c00000, 0x0000000100000000)
  eden space 32768K, 94% used [0x00000000d6200000,0x00000000d805c610,0x00000000d8200000)
  from space 5120K, 7% used [0x00000000d8700000,0x00000000d8760000,0x00000000d8c00000)
  to   space 5120K, 0% used [0x00000000d8200000,0x00000000d8200000,0x00000000d8700000)
 ParOldGen       total 81920K, used 41912K [0x0000000082600000, 0x0000000087600000, 0x00000000d6200000)
  object space 81920K, 51% used [0x0000000082600000,0x0000000084eee2f8,0x0000000087600000)
 Metaspace       used 21439K, capacity 22496K, committed 22656K, reserved 1069056K
  class space    used 2879K, capacity 3131K, committed 3200K, reserved 1048576K
Event: 70.035 GC heap after
Heap after GC invocations=6 (full 1):
 PSYoungGen      total 37376K, used 992K [0x00000000d6200000, 0x00000000dc880000, 0x0000000100000000)
  eden space 32256K, 0% used [0x00000000d6200000,0x00000000d6200000,0x00000000d8180000)
  from space 5120K, 19% used [0x00000000d8200000,0x00000000d82f8000,0x00000000d8700000)
  to   space 36352K, 0% used [0x00000000da500000,0x00000000da500000,0x00000000dc880000)
 ParOldGen       total 81920K, used 57199K [0x0000000082600000, 0x0000000087600000, 0x00000000d6200000)
  object space 81920K, 69% used [0x0000000082600000,0x0000000085ddbe98,0x0000000087600000)
 Metaspace       used 21439K, capacity 22496K, committed 22656K, reserved 1069056K
  class space    used 2879K, capacity 3131K, committed 3200K, reserved 1048576K
}
Event: 70.035 GC heap before
{Heap before GC invocations=7 (full 2):
 PSYoungGen      total 37376K, used 992K [0x00000000d6200000, 0x00000000dc880000, 0x0000000100000000)
  eden space 32256K, 0% used [0x00000000d6200000,0x00000000d6200000,0x00000000d8180000)
  from space 5120K, 19% used [0x00000000d8200000,0x00000000d82f8000,0x00000000d8700000)
  to   space 36352K, 0% used [0x00000000da500000,0x00000000da500000,0x00000000dc880000)
 ParOldGen       total 81920K, used 57199K [0x0000000082600000, 0x0000000087600000, 0x00000000d6200000)
  object space 81920K, 69% used [0x0000000082600000,0x0000000085ddbe98,0x0000000087600000)
 Metaspace       used 21439K, capacity 22496K, committed 22656K, reserved 1069056K
  class space    used 2879K, capacity 3131K, committed 3200K, reserved 1048576K
Event: 70.054 GC heap after
Heap after GC invocations=7 (full 2):
 PSYoungGen      total 37376K, used 0K [0x00000000d6200000, 0x00000000dc880000, 0x0000000100000000)
  eden space 32256K, 0% used [0x00000000d6200000,0x00000000d6200000,0x00000000d8180000)
  from space 5120K, 0% used [0x00000000d8200000,0x00000000d8200000,0x00000000d8700000)
  to   space 36352K, 0% used [0x00000000da500000,0x00000000da500000,0x00000000dc880000)
 ParOldGen       total 98304K, used 33239K [0x0000000082600000, 0x0000000088600000, 0x00000000d6200000)
  object space 98304K, 33% used [0x0000000082600000,0x0000000084675e98,0x0000000088600000)
 Metaspace       used 21439K, capacity 22496K, committed 22656K, reserved 1069056K
  class space    used 2879K, capacity 3131K, committed 3200K, reserved 1048576K
}
Event: 70.980 GC heap before
{Heap before GC invocations=8 (full 2):
 PSYoungGen      total 37376K, used 32112K [0x00000000d6200000, 0x00000000dc880000, 0x0000000100000000)
  eden space 32256K, 99% used [0x00000000d6200000,0x00000000d815c0b0,0x00000000d8180000)
  from space 5120K, 0% used [0x00000000d8200000,0x00000000d8200000,0x00000000d8700000)
  to   space 36352K, 0% used [0x00000000da500000,0x00000000da500000,0x00000000dc880000)
 ParOldGen       total 98304K, used 33239K [0x0000000082600000, 0x0000000088600000, 0x00000000d6200000)
  object space 98304K, 33% used [0x0000000082600000,0x0000000084675e98,0x0000000088600000)
 Metaspace       used 21909K, capacity 23008K, committed 23168K, reserved 1069056K
  class space    used 2932K, capacity 3195K, committed 3200K, reserved 1048576K
Event: 70.987 GC heap after
Heap after GC invocations=8 (full 2):
 PSYoungGen      total 66048K, used 22626K [0x00000000d6200000, 0x00000000dcd00000, 0x0000000100000000)
  eden space 29696K, 0% used [0x00000000d6200000,0x00000000d6200000,0x00000000d7f00000)
  from space 36352K, 62% used [0x00000000da500000,0x00000000dbb18a60,0x00000000dc880000)
  to   space 38912K, 0% used [0x00000000d7f00000,0x00000000d7f00000,0x00000000da500000)
 ParOldGen       total 98304K, used 33247K [0x0000000082600000, 0x0000000088600000, 0x00000000d6200000)
  object space 98304K, 33% used [0x0000000082600000,0x0000000084677e98,0x0000000088600000)
 Metaspace       used 21909K, capacity 23008K, committed 23168K, reserved 1069056K
  class space    used 2932K, capacity 3195K, committed 3200K, reserved 1048576K
}
Event: 72.660 GC heap before
{Heap before GC invocations=9 (full 2):
 PSYoungGen      total 66048K, used 52322K [0x00000000d6200000, 0x00000000dcd00000, 0x0000000100000000)
  eden space 29696K, 100% used [0x00000000d6200000,0x00000000d7f00000,0x00000000d7f00000)
  from space 36352K, 62% used [0x00000000da500000,0x00000000dbb18a60,0x00000000dc880000)
  to   space 38912K, 0% used [0x00000000d7f00000,0x00000000d7f00000,0x00000000da500000)
 ParOldGen       total 98304K, used 33247K [0x0000000082600000, 0x0000000088600000, 0x00000000d6200000)
  object space 98304K, 33% used [0x0000000082600000,0x0000000084677e98,0x0000000088600000)
 Metaspace       used 21909K, capacity 23008K, committed 23168K, reserved 1069056K
  class space    used 2932K, capacity 3195K, committed 3200K, reserved 1048576K
Event: 72.670 GC heap after
Heap after GC invocations=9 (full 2):
 PSYoungGen      total 68096K, used 35425K [0x00000000d6200000, 0x00000000dd980000, 0x0000000100000000)
  eden space 29184K, 0% used [0x00000000d6200000,0x00000000d6200000,0x00000000d7e80000)
  from space 38912K, 91% used [0x00000000d7f00000,0x00000000da1985d0,0x00000000da500000)
  to   space 46592K, 0% used [0x00000000dac00000,0x00000000dac00000,0x00000000dd980000)
 ParOldGen       total 98304K, used 40028K [0x0000000082600000, 0x0000000088600000, 0x00000000d6200000)
  object space 98304K, 40% used [0x0000000082600000,0x0000000084d173f0,0x0000000088600000)
 Metaspace       used 21909K, capacity 23008K, committed 23168K, reserved 1069056K
  class space    used 2932K, capacity 3195K, committed 3200K, reserved 1048576K
}

